<?xml version="1.0" encoding="UTF-8"?>
<!-- Generated by org.testng.reporters.JUnitReportReporter -->
<testsuite hostname="DESKTOP-L0EDU15" failures="0" tests="1" name="Extent2.DemoExtent2" time="6.993" errors="0" timestamp="2024-02-26T18:24:08 BDT" skipped="0">
  <testcase classname="Extent2.DemoExtent2" name="attachScreenShotTest" time="6.993"/>
</testsuite> <!-- Extent2.DemoExtent2 -->
