<?xml version="1.0" encoding="UTF-8"?>
<!-- Generated by org.testng.reporters.JUnitReportReporter -->
<testsuite hostname="DESKTOP-L0EDU15" failures="0" tests="1" name="Extent1.DemoExtent1" time="0.855" errors="0" timestamp="2024-02-26T17:20:04 BDT" skipped="0">
  <testcase classname="Extent1.DemoExtent1" name="eventtest" time="0.855"/>
</testsuite> <!-- Extent1.DemoExtent1 -->
