<?xml version="1.0" encoding="UTF-8"?>
<!-- Generated by org.testng.reporters.JUnitReportReporter -->
<testsuite hostname="DESKTOP-L0EDU15" failures="0" tests="2" name="DemoScreenshot2.Demoss2" time="15.794" errors="0" timestamp="2024-02-26T22:14:56 BDT" skipped="0">
  <testcase classname="DemoScreenshot2.Demoss2" name="attachScreenShotTest" time="8.441"/>
  <testcase classname="DemoScreenshot2.Demoss2" name="attachScreenShotTest1" time="7.353"/>
</testsuite> <!-- DemoScreenshot2.Demoss2 -->
