<?xml version="1.0" encoding="UTF-8"?>
<!-- Generated by org.testng.reporters.JUnitReportReporter -->
<testsuite hostname="DESKTOP-L0EDU15" failures="0" tests="1" name="DemoScreenShot1.DemoScreenshot1" time="0.247" errors="0" timestamp="2024-02-26T18:55:12 BDT" skipped="0">
  <testcase classname="DemoScreenShot1.DemoScreenshot1" name="attachScreenShotTest" time="0.247"/>
</testsuite> <!-- DemoScreenShot1.DemoScreenshot1 -->
